<?xml version="1.0" encoding="UTF-8"?>
<!-- Generated by org.testng.reporters.JUnitReportReporter -->
<testsuite hostname="DESKTOP-IVADDMG" name="ayniplay.generated.Parallel01IT" tests="1" failures="0" timestamp="26 Mar 2018 03:41:18 GMT" time="24.025" errors="0">
  <testcase name="feature" time="24.025" classname="ayniplay.generated.Parallel01IT"/>
</testsuite> <!-- ayniplay.generated.Parallel01IT -->
